2025-01-07 20:27:07,698 - INFO - APIHandler initialized successfully.
2025-01-07 20:27:07,816 - INFO - Connected to PostgreSQL database successfully.
2025-01-07 20:27:07,902 - INFO - Standings table created successfully.
2025-01-07 20:27:07,902 - INFO - Fetching data for Premier League (League ID: 39)...
2025-01-07 20:27:07,902 - INFO - Fetching data for league_id 39...
2025-01-07 20:27:08,345 - INFO - Data fetched successfully for league_id 39.
2025-01-07 20:27:08,346 - ERROR - Error processing data for Premier League: list index out of range
2025-01-07 20:27:08,346 - INFO - Fetching data for La Liga (League ID: 140)...
2025-01-07 20:27:08,346 - INFO - Fetching data for league_id 140...
2025-01-07 20:27:08,627 - INFO - Data fetched successfully for league_id 140.
2025-01-07 20:27:08,628 - ERROR - Error processing data for La Liga: list index out of range
2025-01-07 20:27:08,628 - INFO - Fetching data for Serie A (League ID: 135)...
2025-01-07 20:27:08,628 - INFO - Fetching data for league_id 135...
2025-01-07 20:27:08,955 - INFO - Data fetched successfully for league_id 135.
2025-01-07 20:27:08,956 - ERROR - Error processing data for Serie A: list index out of range
2025-01-07 20:27:08,956 - INFO - Fetching data for Bundesliga (League ID: 78)...
2025-01-07 20:27:08,956 - INFO - Fetching data for league_id 78...
2025-01-07 20:27:09,356 - INFO - Data fetched successfully for league_id 78.
2025-01-07 20:27:09,357 - ERROR - Error processing data for Bundesliga: list index out of range
2025-01-07 20:27:09,358 - INFO - Fetching data for Ligue 1 (League ID: 61)...
2025-01-07 20:27:09,358 - INFO - Fetching data for league_id 61...
2025-01-07 20:27:09,711 - INFO - Data fetched successfully for league_id 61.
2025-01-07 20:27:09,711 - ERROR - Error processing data for Ligue 1: list index out of range
2025-01-07 20:27:09,730 - INFO - Ranked standings view created successfully.
2025-01-07 20:27:09,730 - INFO - Database connection closed.
2025-01-07 20:27:20,704 - INFO - User selected Premier League from the sidebar.
2025-01-07 20:27:21,054 - INFO - Standings fetched successfully for Premier League.
2025-01-07 20:27:59,942 - INFO - User selected Serie A from the sidebar.
2025-01-07 20:28:01,219 - INFO - Standings fetched successfully for Serie A.
2025-01-07 20:28:27,348 - INFO - User selected Premier League from the sidebar.
2025-01-07 20:28:27,511 - INFO - Standings fetched successfully for Premier League.
2025-01-07 20:28:37,387 - INFO - APIHandler initialized successfully.
2025-01-07 20:28:37,464 - INFO - Connected to PostgreSQL database successfully.
2025-01-07 20:28:37,507 - INFO - Standings table created successfully.
2025-01-07 20:28:37,507 - INFO - Fetching data for Premier League (League ID: 39)...
2025-01-07 20:28:37,507 - INFO - Fetching data for league_id 39...
2025-01-07 20:28:37,822 - INFO - Data fetched successfully for league_id 39.
2025-01-07 20:28:37,823 - ERROR - Error processing data for Premier League: list index out of range
2025-01-07 20:28:37,823 - INFO - Fetching data for La Liga (League ID: 140)...
2025-01-07 20:28:37,823 - INFO - Fetching data for league_id 140...
2025-01-07 20:28:38,120 - INFO - Data fetched successfully for league_id 140.
2025-01-07 20:28:38,120 - ERROR - Error processing data for La Liga: list index out of range
2025-01-07 20:28:38,120 - INFO - Fetching data for Serie A (League ID: 135)...
2025-01-07 20:28:38,120 - INFO - Fetching data for league_id 135...
2025-01-07 20:28:38,447 - INFO - Data fetched successfully for league_id 135.
2025-01-07 20:28:38,448 - ERROR - Error processing data for Serie A: list index out of range
2025-01-07 20:28:38,448 - INFO - Fetching data for Bundesliga (League ID: 78)...
2025-01-07 20:28:38,448 - INFO - Fetching data for league_id 78...
2025-01-07 20:28:38,711 - INFO - Data fetched successfully for league_id 78.
2025-01-07 20:28:38,711 - ERROR - Error processing data for Bundesliga: list index out of range
2025-01-07 20:28:38,711 - INFO - Fetching data for Ligue 1 (League ID: 61)...
2025-01-07 20:28:38,712 - INFO - Fetching data for league_id 61...
2025-01-07 20:28:39,042 - INFO - Data fetched successfully for league_id 61.
2025-01-07 20:28:39,042 - ERROR - Error processing data for Ligue 1: list index out of range
2025-01-07 20:28:39,053 - INFO - Ranked standings view created successfully.
2025-01-07 20:28:39,053 - INFO - Database connection closed.
2025-01-07 20:28:50,056 - INFO - User selected Premier League from the sidebar.
2025-01-07 20:28:50,192 - INFO - Standings fetched successfully for Premier League.
2025-01-07 20:29:14,415 - INFO - User selected Premier League from the sidebar.
2025-01-07 20:29:15,757 - INFO - Standings fetched successfully for Premier League.
2025-01-07 20:30:16,735 - INFO - APIHandler initialized successfully.
2025-01-07 20:30:16,812 - INFO - Connected to PostgreSQL database successfully.
2025-01-07 20:30:16,869 - INFO - Standings table created successfully.
2025-01-07 20:30:16,869 - INFO - Fetching data for Premier League (League ID: 39)...
2025-01-07 20:30:16,869 - INFO - Fetching data for league_id 39...
2025-01-07 20:30:17,198 - INFO - Data fetched successfully for league_id 39.
2025-01-07 20:30:17,217 - INFO - Data for Premier League inserted successfully.
2025-01-07 20:30:17,217 - INFO - Fetching data for La Liga (League ID: 140)...
2025-01-07 20:30:17,217 - INFO - Fetching data for league_id 140...
2025-01-07 20:30:17,496 - INFO - Data fetched successfully for league_id 140.
2025-01-07 20:30:17,512 - INFO - Data for La Liga inserted successfully.
2025-01-07 20:30:17,512 - INFO - Fetching data for Serie A (League ID: 135)...
2025-01-07 20:30:17,512 - INFO - Fetching data for league_id 135...
2025-01-07 20:30:17,838 - INFO - Data fetched successfully for league_id 135.
2025-01-07 20:30:17,859 - INFO - Data for Serie A inserted successfully.
2025-01-07 20:30:17,859 - INFO - Fetching data for Bundesliga (League ID: 78)...
2025-01-07 20:30:17,860 - INFO - Fetching data for league_id 78...
2025-01-07 20:30:18,113 - INFO - Data fetched successfully for league_id 78.
2025-01-07 20:30:18,124 - INFO - Data for Bundesliga inserted successfully.
2025-01-07 20:30:18,124 - INFO - Fetching data for Ligue 1 (League ID: 61)...
2025-01-07 20:30:18,125 - INFO - Fetching data for league_id 61...
2025-01-07 20:30:18,382 - INFO - Data fetched successfully for league_id 61.
2025-01-07 20:30:18,387 - INFO - Data for Ligue 1 inserted successfully.
2025-01-07 20:30:18,403 - INFO - Ranked standings view created successfully.
2025-01-07 20:30:18,403 - INFO - Database connection closed.
2025-01-07 20:30:25,075 - INFO - User selected Premier League from the sidebar.
2025-01-07 20:30:25,223 - INFO - Standings fetched successfully for Premier League.
2025-01-07 20:30:32,935 - INFO - User selected Bundesliga from the sidebar.
2025-01-07 20:30:33,034 - INFO - Standings fetched successfully for Bundesliga.
